<?xml version="1.0" encoding="UTF-8"?>
<!-- Generated by org.testng.reporters.JUnitReportReporter -->
<testsuite hostname="rawshans" failures="0" tests="1" name="c_26C_StartingPointOfFramework24.TC001_CreateLead" time="2.296" errors="1" timestamp="2024-10-31T18:55:59 EDT" skipped="0">
  <testcase classname="c_26C_StartingPointOfFramework24.TC001_CreateLead" name="createLead" time="2.296">
    <error message="session not created: This version of ChromeDriver only supports Chrome version 128
Current browser version is 130.0.6723.70 with binary path C:\Program Files\Google\Chrome\Application\chrome.exe
Build info: version: &#039;3.141.59&#039;, revision: &#039;e82be7d358&#039;, time: &#039;2018-11-14T08:17:03&#039;
System info: host: &#039;RAWSHANS&#039;, ip: &#039;192.168.1.139&#039;, os.name: &#039;Windows 11&#039;, os.arch: &#039;amd64&#039;, os.version: &#039;10.0&#039;, java.version: &#039;19.0.1&#039;
Driver info: driver.version: ChromeDriver
remote stacktrace: 	GetHandleVerifier [0x00007FF7D0509412+29090]
	(No symbol) [0x00007FF7D047E239]
	(No symbol) [0x00007FF7D033B1DA]
	(No symbol) [0x00007FF7D037D6D2]
	(No symbol) [0x00007FF7D037C771]
	(No symbol) [0x00007FF7D03772AC]
	(No symbol) [0x00007FF7D0371E1A]
	(No symbol) [0x00007FF7D03C233D]
	(No symbol) [0x00007FF7D03C19F0]
	(No symbol) [0x00007FF7D03B6493]
	(No symbol) [0x00007FF7D03809D1]
	(No symbol) [0x00007FF7D0381B31]
	GetHandleVerifier [0x00007FF7D082871D+3302573]
	GetHandleVerifier [0x00007FF7D0874243+3612627]
	GetHandleVerifier [0x00007FF7D086A417+3572135]
	GetHandleVerifier [0x00007FF7D05C5EB6+801862]
	(No symbol) [0x00007FF7D048945F]
	(No symbol) [0x00007FF7D0484FB4]
	(No symbol) [0x00007FF7D0485140]
	(No symbol) [0x00007FF7D047461F]
	BaseThreadInitThunk [0x00007FFA859FDBE7+23]
	RtlUserThreadStart [0x00007FFA8663FBEC+44]
" type="org.openqa.selenium.SessionNotCreatedException">
      <![CDATA[org.openqa.selenium.SessionNotCreatedException: session not created: This version of ChromeDriver only supports Chrome version 128
Current browser version is 130.0.6723.70 with binary path C:\Program Files\Google\Chrome\Application\chrome.exe
Build info: version: '3.141.59', revision: 'e82be7d358', time: '2018-11-14T08:17:03'
System info: host: 'RAWSHANS', ip: '192.168.1.139', os.name: 'Windows 11', os.arch: 'amd64', os.version: '10.0', java.version: '19.0.1'
Driver info: driver.version: ChromeDriver
remote stacktrace: GetHandleVerifier [0x00007FF7D0509412+29090]
(No symbol) [0x00007FF7D047E239]
(No symbol) [0x00007FF7D033B1DA]
(No symbol) [0x00007FF7D037D6D2]
(No symbol) [0x00007FF7D037C771]
(No symbol) [0x00007FF7D03772AC]
(No symbol) [0x00007FF7D0371E1A]
(No symbol) [0x00007FF7D03C233D]
(No symbol) [0x00007FF7D03C19F0]
(No symbol) [0x00007FF7D03B6493]
(No symbol) [0x00007FF7D03809D1]
(No symbol) [0x00007FF7D0381B31]
GetHandleVerifier [0x00007FF7D082871D+3302573]
GetHandleVerifier [0x00007FF7D0874243+3612627]
GetHandleVerifier [0x00007FF7D086A417+3572135]
GetHandleVerifier [0x00007FF7D05C5EB6+801862]
(No symbol) [0x00007FF7D048945F]
(No symbol) [0x00007FF7D0484FB4]
(No symbol) [0x00007FF7D0485140]
(No symbol) [0x00007FF7D047461F]
BaseThreadInitThunk [0x00007FFA859FDBE7+23]
RtlUserThreadStart [0x00007FFA8663FBEC+44]

at java.base/jdk.internal.reflect.DirectConstructorHandleAccessor.newInstance(DirectConstructorHandleAccessor.java:67)
at java.base/java.lang.reflect.Constructor.newInstanceWithCaller(Constructor.java:500)
at java.base/java.lang.reflect.Constructor.newInstance(Constructor.java:484)
at org.openqa.selenium.remote.W3CHandshakeResponse.lambda$errorHandler$0(W3CHandshakeResponse.java:62)
at org.openqa.selenium.remote.HandshakeResponse.lambda$getResponseFunction$0(HandshakeResponse.java:30)
at org.openqa.selenium.remote.ProtocolHandshake.lambda$createSession$0(ProtocolHandshake.java:126)
at java.base/java.util.stream.ReferencePipeline$3$1.accept(ReferencePipeline.java:197)
at java.base/java.util.Spliterators$ArraySpliterator.tryAdvance(Spliterators.java:1016)
at java.base/java.util.stream.ReferencePipeline.forEachWithCancel(ReferencePipeline.java:129)
at java.base/java.util.stream.AbstractPipeline.copyIntoWithCancel(AbstractPipeline.java:527)
at java.base/java.util.stream.AbstractPipeline.copyInto(AbstractPipeline.java:513)
at java.base/java.util.stream.AbstractPipeline.wrapAndCopyInto(AbstractPipeline.java:499)
at java.base/java.util.stream.FindOps$FindOp.evaluateSequential(FindOps.java:150)
at java.base/java.util.stream.AbstractPipeline.evaluate(AbstractPipeline.java:234)
at java.base/java.util.stream.ReferencePipeline.findFirst(ReferencePipeline.java:647)
at org.openqa.selenium.remote.ProtocolHandshake.createSession(ProtocolHandshake.java:128)
at org.openqa.selenium.remote.ProtocolHandshake.createSession(ProtocolHandshake.java:74)
at org.openqa.selenium.remote.HttpCommandExecutor.execute(HttpCommandExecutor.java:136)
at org.openqa.selenium.remote.service.DriverCommandExecutor.execute(DriverCommandExecutor.java:83)
at org.openqa.selenium.remote.RemoteWebDriver.execute(RemoteWebDriver.java:552)
at org.openqa.selenium.remote.RemoteWebDriver.startSession(RemoteWebDriver.java:213)
at org.openqa.selenium.remote.RemoteWebDriver.<init>(RemoteWebDriver.java:131)
at org.openqa.selenium.chrome.ChromeDriver.<init>(ChromeDriver.java:181)
at org.openqa.selenium.chrome.ChromeDriver.<init>(ChromeDriver.java:168)
at org.openqa.selenium.chrome.ChromeDriver.<init>(ChromeDriver.java:123)
at c_26C_StartingPointOfFramework24.GenericWrapper.launchBrowser(GenericWrapper.java:13)
at c_26C_StartingPointOfFramework24.TC001_CreateLead.createLead(TC001_CreateLead.java:10)
at java.base/jdk.internal.reflect.DirectMethodHandleAccessor.invoke(DirectMethodHandleAccessor.java:104)
at java.base/java.lang.reflect.Method.invoke(Method.java:578)
at org.testng.internal.MethodInvocationHelper.invokeMethod(MethodInvocationHelper.java:133)
at org.testng.internal.TestInvoker.invokeMethod(TestInvoker.java:598)
at org.testng.internal.TestInvoker.invokeTestMethod(TestInvoker.java:173)
at org.testng.internal.MethodRunner.runInSequence(MethodRunner.java:46)
at org.testng.internal.TestInvoker$MethodInvocationAgent.invoke(TestInvoker.java:824)
at org.testng.internal.TestInvoker.invokeTestMethods(TestInvoker.java:146)
at org.testng.internal.TestMethodWorker.invokeTestMethods(TestMethodWorker.java:146)
at org.testng.internal.TestMethodWorker.run(TestMethodWorker.java:128)
at java.base/java.util.ArrayList.forEach(ArrayList.java:1511)
at org.testng.TestRunner.privateRun(TestRunner.java:794)
at org.testng.TestRunner.run(TestRunner.java:596)
at org.testng.SuiteRunner.runTest(SuiteRunner.java:377)
at org.testng.SuiteRunner.runSequentially(SuiteRunner.java:371)
at org.testng.SuiteRunner.privateRun(SuiteRunner.java:332)
at org.testng.SuiteRunner.run(SuiteRunner.java:276)
at org.testng.SuiteRunnerWorker.runSuite(SuiteRunnerWorker.java:53)
at org.testng.SuiteRunnerWorker.run(SuiteRunnerWorker.java:96)
at org.testng.TestNG.runSuitesSequentially(TestNG.java:1212)
at org.testng.TestNG.runSuitesLocally(TestNG.java:1134)
at org.testng.TestNG.runSuites(TestNG.java:1063)
at org.testng.TestNG.run(TestNG.java:1031)
at org.testng.remote.AbstractRemoteTestNG.run(AbstractRemoteTestNG.java:115)
at org.testng.remote.RemoteTestNG.initAndRun(RemoteTestNG.java:251)
at org.testng.remote.RemoteTestNG.main(RemoteTestNG.java:77)
]]>
    </error>
  </testcase> <!-- createLead -->
  <system-out/>
</testsuite> <!-- c_26C_StartingPointOfFramework24.TC001_CreateLead -->
